Task exception was never retrieved
future: <Task finished coro=<WebSocketCommonProtocol.run() done, defined at /home/ubuntu/.local/lib/python3.5/site-packages/websockets/protocol.py:428> exception=ConnectionResetError(104, 'Connection reset by peer')>
Traceback (most recent call last):
  File "/usr/lib/python3.5/asyncio/tasks.py", line 241, in _step
    result = coro.throw(exc)
  File "/home/ubuntu/.local/lib/python3.5/site-packages/websockets/protocol.py", line 434, in run
    msg = yield from self.read_message()
  File "/home/ubuntu/.local/lib/python3.5/site-packages/websockets/protocol.py", line 456, in read_message
    frame = yield from self.read_data_frame(max_size=self.max_size)
  File "/home/ubuntu/.local/lib/python3.5/site-packages/websockets/protocol.py", line 511, in read_data_frame
    frame = yield from self.read_frame(max_size)
  File "/home/ubuntu/.local/lib/python3.5/site-packages/websockets/protocol.py", line 546, in read_frame
    self.reader.readexactly, is_masked, max_size=max_size)
  File "/home/ubuntu/.local/lib/python3.5/site-packages/websockets/framing.py", line 86, in read_frame
    data = yield from reader(2)
  File "/usr/lib/python3.5/asyncio/streams.py", line 670, in readexactly
    block = yield from self.read(n)
  File "/usr/lib/python3.5/asyncio/streams.py", line 627, in read
    yield from self._wait_for_data('read')
  File "/usr/lib/python3.5/asyncio/streams.py", line 457, in _wait_for_data
    yield from self._waiter
  File "/usr/lib/python3.5/asyncio/futures.py", line 361, in __iter__
    yield self  # This tells Task to wait for completion.
  File "/usr/lib/python3.5/asyncio/tasks.py", line 296, in _wakeup
    future.result()
  File "/usr/lib/python3.5/asyncio/futures.py", line 274, in result
    raise self._exception
  File "/usr/lib/python3.5/asyncio/selector_events.py", line 662, in _read_ready
    data = self._sock.recv(self.max_size)
ConnectionResetError: [Errno 104] Connection reset by peer
2018-01-31 13:22:01.440219
Loading smallTalk.xml... done (0.02 seconds)
Saving brain to brain.brn... done (0.00 seconds)
2018-01-31 13:22:40.188882
Loading smallTalk.xml... done (0.02 seconds)
Saving brain to brain.brn... done (0.00 seconds)
2018-01-31 13:37:05.115163
Loading smallTalk.xml... done (0.02 seconds)
Saving brain to brain.brn... done (0.00 seconds)
2018-01-31 13:38:09.149340
Loading smallTalk.xml... done (0.02 seconds)
Saving brain to brain.brn... done (0.00 seconds)
2018-01-31 14:25:30.757822
Loading smallTalk.xml... done (0.02 seconds)
Saving brain to brain.brn... done (0.00 seconds)
2018-01-31 16:39:41.216207
Loading smallTalk.xml... done (0.02 seconds)
Saving brain to brain.brn... done (0.00 seconds)
2018-01-31 16:39:58.367838
Loading smallTalk.xml... done (0.02 seconds)
Saving brain to brain.brn... done (0.00 seconds)
